# JRE version: Java(TM) SE Runtime Environment (8.0_66-b18) (build 1.8.0_66-b18)
# Java VM: Java HotSpot(TM) 64-Bit Server VM (25.66-b18 mixed mode windows-amd64 compressed oops)
Heap:
 PSYoungGen      total 35328K, used 23086K [0x00000000eab80000, 0x00000000edd00000, 0x0000000100000000)
  eden space 32768K, 68% used [0x00000000eab80000,0x00000000ec171278,0x00000000ecb80000)
  from space 2560K, 24% used [0x00000000ecb80000,0x00000000ecc1a5f0,0x00000000ece00000)
  to   space 2560K, 0% used [0x00000000eda80000,0x00000000eda80000,0x00000000edd00000)
 ParOldGen       total 69632K, used 28766K [0x00000000c0200000, 0x00000000c4600000, 0x00000000eab80000)
  object space 69632K, 41% used [0x00000000c0200000,0x00000000c1e17878,0x00000000c4600000)
 Metaspace       used 10192K, capacity 10404K, committed 10624K, reserved 1058816K
  class space    used 1196K, capacity 1287K, committed 1408K, reserved 1048576K
GC Heap History (8 events):
Event: 0.543 GC heap before
{Heap before GC invocations=1 (full 0):
 PSYoungGen      total 18944K, used 13099K [0x00000000eab80000, 0x00000000ec080000, 0x0000000100000000)
  eden space 16384K, 79% used [0x00000000eab80000,0x00000000eb84ac48,0x00000000ebb80000)
  from space 2560K, 0% used [0x00000000ebe00000,0x00000000ebe00000,0x00000000ec080000)
  to   space 2560K, 0% used [0x00000000ebb80000,0x00000000ebb80000,0x00000000ebe00000)
 ParOldGen       total 44032K, used 0K [0x00000000c0200000, 0x00000000c2d00000, 0x00000000eab80000)
  object space 44032K, 0% used [0x00000000c0200000,0x00000000c0200000,0x00000000c2d00000)
 Metaspace       used 6381K, capacity 6554K, committed 6784K, reserved 1056768K
  class space    used 730K, capacity 795K, committed 896K, reserved 1048576K
Event: 0.549 GC heap after
Heap after GC invocations=1 (full 0):
 PSYoungGen      total 18944K, used 1301K [0x00000000eab80000, 0x00000000ed080000, 0x0000000100000000)
  eden space 16384K, 0% used [0x00000000eab80000,0x00000000eab80000,0x00000000ebb80000)
  from space 2560K, 50% used [0x00000000ebb80000,0x00000000ebcc5600,0x00000000ebe00000)
  to   space 2560K, 0% used [0x00000000ece00000,0x00000000ece00000,0x00000000ed080000)
 ParOldGen       total 44032K, used 13676K [0x00000000c0200000, 0x00000000c2d00000, 0x00000000eab80000)
  object space 44032K, 31% used [0x00000000c0200000,0x00000000c0f5b330,0x00000000c2d00000)
 Metaspace       used 6381K, capacity 6554K, committed 6784K, reserved 1056768K
  class space    used 730K, capacity 795K, committed 896K, reserved 1048576K
}
Event: 0.786 GC heap before
{Heap before GC invocations=2 (full 0):
 PSYoungGen      total 18944K, used 16492K [0x00000000eab80000, 0x00000000ed080000, 0x0000000100000000)
  eden space 16384K, 92% used [0x00000000eab80000,0x00000000eba55a78,0x00000000ebb80000)
  from space 2560K, 50% used [0x00000000ebb80000,0x00000000ebcc5600,0x00000000ebe00000)
  to   space 2560K, 0% used [0x00000000ece00000,0x00000000ece00000,0x00000000ed080000)
 ParOldGen       total 44032K, used 13676K [0x00000000c0200000, 0x00000000c2d00000, 0x00000000eab80000)
  object space 44032K, 31% used [0x00000000c0200000,0x00000000c0f5b330,0x00000000c2d00000)
 Metaspace       used 8882K, capacity 9056K, committed 9216K, reserved 1056768K
  class space    used 1082K, capacity 1159K, committed 1280K, reserved 1048576K
Event: 0.795 GC heap after
Heap after GC invocations=2 (full 0):
 PSYoungGen      total 35328K, used 2049K [0x00000000eab80000, 0x00000000ed080000, 0x0000000100000000)
  eden space 32768K, 0% used [0x00000000eab80000,0x00000000eab80000,0x00000000ecb80000)
  from space 2560K, 80% used [0x00000000ece00000,0x00000000ed0004b0,0x00000000ed080000)
  to   space 2560K, 0% used [0x00000000ecb80000,0x00000000ecb80000,0x00000000ece00000)
 ParOldGen       total 44032K, used 39641K [0x00000000c0200000, 0x00000000c2d00000, 0x00000000eab80000)
  object space 44032K, 90% used [0x00000000c0200000,0x00000000c28b6690,0x00000000c2d00000)
 Metaspace       used 8882K, capacity 9056K, committed 9216K, reserved 1056768K
  class space    used 1082K, capacity 1159K, committed 1280K, reserved 1048576K
}
Event: 0.795 GC heap before
{Heap before GC invocations=3 (full 1):
 PSYoungGen      total 35328K, used 2049K [0x00000000eab80000, 0x00000000ed080000, 0x0000000100000000)
  eden space 32768K, 0% used [0x00000000eab80000,0x00000000eab80000,0x00000000ecb80000)
  from space 2560K, 80% used [0x00000000ece00000,0x00000000ed0004b0,0x00000000ed080000)
  to   space 2560K, 0% used [0x00000000ecb80000,0x00000000ecb80000,0x00000000ece00000)
 ParOldGen       total 44032K, used 39641K [0x00000000c0200000, 0x00000000c2d00000, 0x00000000eab80000)
  object space 44032K, 90% used [0x00000000c0200000,0x00000000c28b6690,0x00000000c2d00000)
 Metaspace       used 8882K, capacity 9056K, committed 9216K, reserved 1056768K
  class space    used 1082K, capacity 1159K, committed 1280K, reserved 1048576K
Event: 0.816 GC heap after
Heap after GC invocations=3 (full 1):
 PSYoungGen      total 35328K, used 0K [0x00000000eab80000, 0x00000000ed080000, 0x0000000100000000)
  eden space 32768K, 0% used [0x00000000eab80000,0x00000000eab80000,0x00000000ecb80000)
  from space 2560K, 0% used [0x00000000ece00000,0x00000000ece00000,0x00000000ed080000)
  to   space 2560K, 0% used [0x00000000ecb80000,0x00000000ecb80000,0x00000000ece00000)
 ParOldGen       total 69632K, used 15089K [0x00000000c0200000, 0x00000000c4600000, 0x00000000eab80000)
  object space 69632K, 21% used [0x00000000c0200000,0x00000000c10bc548,0x00000000c4600000)
 Metaspace       used 8882K, capacity 9056K, committed 9216K, reserved 1056768K
  class space    used 1082K, capacity 1159K, committed 1280K, reserved 1048576K
}
Event: 4.361 GC heap before
{Heap before GC invocations=4 (full 1):
 PSYoungGen      total 35328K, used 32768K [0x00000000eab80000, 0x00000000ed080000, 0x0000000100000000)
  eden space 32768K, 100% used [0x00000000eab80000,0x00000000ecb80000,0x00000000ecb80000)
  from space 2560K, 0% used [0x00000000ece00000,0x00000000ece00000,0x00000000ed080000)
  to   space 2560K, 0% used [0x00000000ecb80000,0x00000000ecb80000,0x00000000ece00000)
 ParOldGen       total 69632K, used 15089K [0x00000000c0200000, 0x00000000c4600000, 0x00000000eab80000)
  object space 69632K, 21% used [0x00000000c0200000,0x00000000c10bc548,0x00000000c4600000)
 Metaspace       used 10157K, capacity 10340K, committed 10624K, reserved 1058816K
  class space    used 1194K, capacity 1287K, committed 1408K, reserved 1048576K
Event: 4.365 GC heap after
Heap after GC invocations=4 (full 1):
 PSYoungGen      total 35328K, used 617K [0x00000000eab80000, 0x00000000edd00000, 0x0000000100000000)
  eden space 32768K, 0% used [0x00000000eab80000,0x00000000eab80000,0x00000000ecb80000)
  from space 2560K, 24% used [0x00000000ecb80000,0x00000000ecc1a5f0,0x00000000ece00000)
  to   space 2560K, 0% used [0x00000000eda80000,0x00000000eda80000,0x00000000edd00000)
 ParOldGen       total 69632K, used 28766K [0x00000000c0200000, 0x00000000c4600000, 0x00000000eab80000)
  object space 69632K, 41% used [0x00000000c0200000,0x00000000c1e17878,0x00000000c4600000)
 Metaspace       used 10157K, capacity 10340K, committed 10624K, reserved 1058816K
  class space    used 1194K, capacity 1287K, committed 1408K, reserved 1048576K
}

