# JRE version: Java(TM) SE Runtime Environment (8.0_66-b18) (build 1.8.0_66-b18)
# Java VM: Java HotSpot(TM) 64-Bit Server VM (25.66-b18 mixed mode windows-amd64 compressed oops)
Heap:
 PSYoungGen      total 35328K, used 7795K [0x00000000eab80000, 0x00000000ed080000, 0x0000000100000000)
  eden space 32768K, 23% used [0x00000000eab80000,0x00000000eb31cff8,0x00000000ecb80000)
  from space 2560K, 0% used [0x00000000ece00000,0x00000000ece00000,0x00000000ed080000)
  to   space 2560K, 0% used [0x00000000ecb80000,0x00000000ecb80000,0x00000000ece00000)
 ParOldGen       total 69632K, used 15136K [0x00000000c0200000, 0x00000000c4600000, 0x00000000eab80000)
  object space 69632K, 21% used [0x00000000c0200000,0x00000000c10c82c8,0x00000000c4600000)
 Metaspace       used 9668K, capacity 9860K, committed 9984K, reserved 1058816K
  class space    used 1169K, capacity 1255K, committed 1280K, reserved 1048576K
GC Heap History (6 events):
Event: 0.509 GC heap before
{Heap before GC invocations=1 (full 0):
 PSYoungGen      total 18944K, used 13099K [0x00000000eab80000, 0x00000000ec080000, 0x0000000100000000)
  eden space 16384K, 79% used [0x00000000eab80000,0x00000000eb84ac48,0x00000000ebb80000)
  from space 2560K, 0% used [0x00000000ebe00000,0x00000000ebe00000,0x00000000ec080000)
  to   space 2560K, 0% used [0x00000000ebb80000,0x00000000ebb80000,0x00000000ebe00000)
 ParOldGen       total 44032K, used 0K [0x00000000c0200000, 0x00000000c2d00000, 0x00000000eab80000)
  object space 44032K, 0% used [0x00000000c0200000,0x00000000c0200000,0x00000000c2d00000)
 Metaspace       used 6387K, capacity 6554K, committed 6784K, reserved 1056768K
  class space    used 730K, capacity 795K, committed 896K, reserved 1048576K
Event: 0.515 GC heap after
Heap after GC invocations=1 (full 0):
 PSYoungGen      total 18944K, used 1253K [0x00000000eab80000, 0x00000000ed080000, 0x0000000100000000)
  eden space 16384K, 0% used [0x00000000eab80000,0x00000000eab80000,0x00000000ebb80000)
  from space 2560K, 48% used [0x00000000ebb80000,0x00000000ebcb95f0,0x00000000ebe00000)
  to   space 2560K, 0% used [0x00000000ece00000,0x00000000ece00000,0x00000000ed080000)
 ParOldGen       total 44032K, used 13676K [0x00000000c0200000, 0x00000000c2d00000, 0x00000000eab80000)
  object space 44032K, 31% used [0x00000000c0200000,0x00000000c0f5b330,0x00000000c2d00000)
 Metaspace       used 6387K, capacity 6554K, committed 6784K, reserved 1056768K
  class space    used 730K, capacity 795K, committed 896K, reserved 1048576K
}
Event: 0.745 GC heap before
{Heap before GC invocations=2 (full 0):
 PSYoungGen      total 18944K, used 16444K [0x00000000eab80000, 0x00000000ed080000, 0x0000000100000000)
  eden space 16384K, 92% used [0x00000000eab80000,0x00000000eba55a78,0x00000000ebb80000)
  from space 2560K, 48% used [0x00000000ebb80000,0x00000000ebcb95f0,0x00000000ebe00000)
  to   space 2560K, 0% used [0x00000000ece00000,0x00000000ece00000,0x00000000ed080000)
 ParOldGen       total 44032K, used 13676K [0x00000000c0200000, 0x00000000c2d00000, 0x00000000eab80000)
  object space 44032K, 31% used [0x00000000c0200000,0x00000000c0f5b330,0x00000000c2d00000)
 Metaspace       used 8885K, capacity 9056K, committed 9216K, reserved 1056768K
  class space    used 1082K, capacity 1159K, committed 1280K, reserved 1048576K
Event: 0.755 GC heap after
Heap after GC invocations=2 (full 0):
 PSYoungGen      total 35328K, used 2065K [0x00000000eab80000, 0x00000000ed080000, 0x0000000100000000)
  eden space 32768K, 0% used [0x00000000eab80000,0x00000000eab80000,0x00000000ecb80000)
  from space 2560K, 80% used [0x00000000ece00000,0x00000000ed0044a0,0x00000000ed080000)
  to   space 2560K, 0% used [0x00000000ecb80000,0x00000000ecb80000,0x00000000ece00000)
 ParOldGen       total 44032K, used 39641K [0x00000000c0200000, 0x00000000c2d00000, 0x00000000eab80000)
  object space 44032K, 90% used [0x00000000c0200000,0x00000000c28b6690,0x00000000c2d00000)
 Metaspace       used 8885K, capacity 9056K, committed 9216K, reserved 1056768K
  class space    used 1082K, capacity 1159K, committed 1280K, reserved 1048576K
}
Event: 0.755 GC heap before
{Heap before GC invocations=3 (full 1):
 PSYoungGen      total 35328K, used 2065K [0x00000000eab80000, 0x00000000ed080000, 0x0000000100000000)
  eden space 32768K, 0% used [0x00000000eab80000,0x00000000eab80000,0x00000000ecb80000)
  from space 2560K, 80% used [0x00000000ece00000,0x00000000ed0044a0,0x00000000ed080000)
  to   space 2560K, 0% used [0x00000000ecb80000,0x00000000ecb80000,0x00000000ece00000)
 ParOldGen       total 44032K, used 39641K [0x00000000c0200000, 0x00000000c2d00000, 0x00000000eab80000)
  object space 44032K, 90% used [0x00000000c0200000,0x00000000c28b6690,0x00000000c2d00000)
 Metaspace       used 8885K, capacity 9056K, committed 9216K, reserved 1056768K
  class space    used 1082K, capacity 1159K, committed 1280K, reserved 1048576K
Event: 0.777 GC heap after
Heap after GC invocations=3 (full 1):
 PSYoungGen      total 35328K, used 0K [0x00000000eab80000, 0x00000000ed080000, 0x0000000100000000)
  eden space 32768K, 0% used [0x00000000eab80000,0x00000000eab80000,0x00000000ecb80000)
  from space 2560K, 0% used [0x00000000ece00000,0x00000000ece00000,0x00000000ed080000)
  to   space 2560K, 0% used [0x00000000ecb80000,0x00000000ecb80000,0x00000000ece00000)
 ParOldGen       total 69632K, used 15136K [0x00000000c0200000, 0x00000000c4600000, 0x00000000eab80000)
  object space 69632K, 21% used [0x00000000c0200000,0x00000000c10c82c8,0x00000000c4600000)
 Metaspace       used 8885K, capacity 9056K, committed 9216K, reserved 1056768K
  class space    used 1082K, capacity 1159K, committed 1280K, reserved 1048576K
}

